ipset=/seasonvar.ru/vpn_domains
ipset=/linkedin.com/vpn_domains
ipset=/rutor.info/vpn_domains
ipset=/twitter.biz/vpn_domains
ipset=/twitter.com/vpn_domains
ipset=/twitter.jp/vpn_domains
ipset=/twittercommunity.com/vpn_domains
ipset=/twitterflightschool.com/vpn_domains
ipset=/twitterinc.com/vpn_domains
ipset=/twitteroauth.com/vpn_domains
ipset=/twitterstat.us/vpn_domains
ipset=/googleapis.com/vpn_domains
ipset=/googletagmanager.com/vpn_domains
ipset=/googlevideo.com/vpn_domains
ipset=/youtube.com/vpn_domains
ipset=/youtubekids.com/vpn_domains
ipset=/twitter.com/vpn_domains
ipset=/x.com/vpn_domains
ipset=/pornhub.com/vpn_domains
ipset=/rutracker.org/vpn_domains
ipset=/nnmclub.to/vpn_domains